0 verbose cli /Users/joakimnenzen/.nvm/versions/node/v20.18.1/bin/node /Users/joakimnenzen/.nvm/versions/node/v20.18.1/bin/npm
1 info using npm@10.8.2
2 info using node@v20.18.1
3 silly config load:file:/Users/joakimnenzen/.nvm/versions/node/v20.18.1/lib/node_modules/npm/npmrc
4 silly config load:file:/Users/joakimnenzen/Documents/distro/.npmrc
5 silly config load:file:/Users/joakimnenzen/.npmrc
6 silly config load:file:/Users/joakimnenzen/.nvm/versions/node/v20.18.1/etc/npmrc
7 verbose title npm install next@15.0.5 eslint-config-next@15.0.5
8 verbose argv "install" "next@15.0.5" "eslint-config-next@15.0.5"
9 verbose logfile logs-max:10 dir:/Users/joakimnenzen/Documents/distro/.npm-cache/_logs/2025-12-18T21_34_34_545Z-
10 verbose logfile /Users/joakimnenzen/Documents/distro/.npm-cache/_logs/2025-12-18T21_34_34_545Z-debug-0.log
11 silly packumentCache heap:4345298944 maxSize:1086324736 maxEntrySize:543162368
12 silly logfile done cleaning log files
13 silly idealTree buildDeps
14 silly fetch manifest next@15.0.5
15 silly packumentCache full:https://registry.npmjs.org/next cache-miss
16 http fetch GET 200 https://registry.npmjs.org/next 339ms (cache miss)
17 silly packumentCache full:https://registry.npmjs.org/next set size:undefined disposed:false
18 silly fetch manifest @opentelemetry/api@^1.1.0
19 silly packumentCache full:https://registry.npmjs.org/@opentelemetry%2fapi cache-miss
20 http fetch GET 200 https://registry.npmjs.org/@opentelemetry%2fapi 60ms (cache miss)
21 silly packumentCache full:https://registry.npmjs.org/@opentelemetry%2fapi set size:undefined disposed:false
22 silly fetch manifest @playwright/test@^1.41.2
23 silly packumentCache full:https://registry.npmjs.org/@playwright%2ftest cache-miss
24 http fetch GET 200 https://registry.npmjs.org/@playwright%2ftest 148ms (cache miss)
25 silly packumentCache full:https://registry.npmjs.org/@playwright%2ftest set size:undefined disposed:false
26 silly fetch manifest babel-plugin-react-compiler@*
27 silly packumentCache full:https://registry.npmjs.org/babel-plugin-react-compiler cache-miss
28 http fetch GET 200 https://registry.npmjs.org/babel-plugin-react-compiler 41ms (cache miss)
29 silly packumentCache full:https://registry.npmjs.org/babel-plugin-react-compiler set size:undefined disposed:false
30 silly fetch manifest react@^18.2.0
31 silly packumentCache full:https://registry.npmjs.org/react cache-miss
32 http fetch GET 200 https://registry.npmjs.org/react 113ms (cache miss)
33 silly packumentCache full:https://registry.npmjs.org/react set size:undefined disposed:false
34 silly fetch manifest react-dom@^18.2.0
35 silly packumentCache full:https://registry.npmjs.org/react-dom cache-miss
36 http fetch GET 200 https://registry.npmjs.org/react-dom 125ms (cache miss)
37 silly packumentCache full:https://registry.npmjs.org/react-dom set size:undefined disposed:false
38 silly fetch manifest sass@^1.3.0
39 silly packumentCache full:https://registry.npmjs.org/sass cache-miss
40 http fetch GET 200 https://registry.npmjs.org/sass 82ms (cache miss)
41 silly packumentCache full:https://registry.npmjs.org/sass set size:undefined disposed:false
42 silly fetch manifest eslint-config-next@15.0.5
43 silly packumentCache full:https://registry.npmjs.org/eslint-config-next cache-miss
44 http fetch GET 200 https://registry.npmjs.org/eslint-config-next 115ms (cache miss)
45 silly packumentCache full:https://registry.npmjs.org/eslint-config-next set size:undefined disposed:false
46 silly fetch manifest eslint@^8.57.0
47 silly packumentCache full:https://registry.npmjs.org/eslint cache-miss
48 http fetch GET 200 https://registry.npmjs.org/eslint 42ms (cache miss)
49 silly packumentCache full:https://registry.npmjs.org/eslint set size:undefined disposed:false
50 silly fetch manifest typescript@^5.6.2
51 silly packumentCache full:https://registry.npmjs.org/typescript cache-miss
52 http fetch GET 200 https://registry.npmjs.org/typescript 188ms (cache miss)
53 silly packumentCache full:https://registry.npmjs.org/typescript set size:undefined disposed:false
54 silly placeDep ROOT eslint-config-next@15.0.5 REPLACE for: distro@0.1.0 want: 15.0.5
55 silly placeDep ROOT next@15.0.5 REPLACE for: distro@0.1.0 want: 15.0.5
56 silly fetch manifest @next/eslint-plugin-next@15.0.5
57 silly packumentCache full:https://registry.npmjs.org/@next%2feslint-plugin-next cache-miss
58 silly fetch manifest @next/env@15.0.5
59 silly packumentCache full:https://registry.npmjs.org/@next%2fenv cache-miss
60 silly fetch manifest @next/swc-darwin-x64@15.0.5
61 silly packumentCache full:https://registry.npmjs.org/@next%2fswc-darwin-x64 cache-miss
62 silly fetch manifest @next/swc-darwin-arm64@15.0.5
63 silly packumentCache full:https://registry.npmjs.org/@next%2fswc-darwin-arm64 cache-miss
64 silly fetch manifest @next/swc-linux-x64-gnu@15.0.5
65 silly packumentCache full:https://registry.npmjs.org/@next%2fswc-linux-x64-gnu cache-miss
66 silly fetch manifest @next/swc-linux-x64-musl@15.0.5
67 silly packumentCache full:https://registry.npmjs.org/@next%2fswc-linux-x64-musl cache-miss
68 silly fetch manifest @next/swc-win32-x64-msvc@15.0.5
69 silly packumentCache full:https://registry.npmjs.org/@next%2fswc-win32-x64-msvc cache-miss
70 silly fetch manifest @next/swc-linux-arm64-gnu@15.0.5
71 silly packumentCache full:https://registry.npmjs.org/@next%2fswc-linux-arm64-gnu cache-miss
72 silly fetch manifest @next/swc-linux-arm64-musl@15.0.5
73 silly packumentCache full:https://registry.npmjs.org/@next%2fswc-linux-arm64-musl cache-miss
74 silly fetch manifest @next/swc-win32-arm64-msvc@15.0.5
75 silly packumentCache full:https://registry.npmjs.org/@next%2fswc-win32-arm64-msvc cache-miss
76 http fetch GET 200 https://registry.npmjs.org/@next%2fswc-win32-x64-msvc 289ms (cache miss)
77 silly packumentCache full:https://registry.npmjs.org/@next%2fswc-win32-x64-msvc set size:undefined disposed:false
78 http fetch GET 200 https://registry.npmjs.org/@next%2fswc-linux-x64-gnu 306ms (cache miss)
79 silly packumentCache full:https://registry.npmjs.org/@next%2fswc-linux-x64-gnu set size:undefined disposed:false
80 http fetch GET 200 https://registry.npmjs.org/@next%2fswc-linux-arm64-gnu 1165ms (cache miss)
81 silly packumentCache full:https://registry.npmjs.org/@next%2fswc-linux-arm64-gnu set size:undefined disposed:false
82 http fetch GET 200 https://registry.npmjs.org/@next%2fswc-darwin-x64 1584ms (cache miss)
83 silly packumentCache full:https://registry.npmjs.org/@next%2fswc-darwin-x64 set size:undefined disposed:false
84 http fetch GET 200 https://registry.npmjs.org/@next%2feslint-plugin-next 1962ms (cache miss)
85 silly packumentCache full:https://registry.npmjs.org/@next%2feslint-plugin-next set size:undefined disposed:false
86 http fetch GET 200 https://registry.npmjs.org/@next%2fswc-linux-arm64-musl 1979ms (cache miss)
87 silly packumentCache full:https://registry.npmjs.org/@next%2fswc-linux-arm64-musl set size:undefined disposed:false
88 http fetch GET 200 https://registry.npmjs.org/@next%2fenv 2044ms (cache miss)
89 silly packumentCache full:https://registry.npmjs.org/@next%2fenv set size:undefined disposed:false
90 http fetch GET 200 https://registry.npmjs.org/@next%2fswc-win32-arm64-msvc 2900ms (cache miss)
91 silly packumentCache full:https://registry.npmjs.org/@next%2fswc-win32-arm64-msvc set size:undefined disposed:false
92 http fetch GET 200 https://registry.npmjs.org/@next%2fswc-darwin-arm64 3164ms (cache miss)
93 silly packumentCache full:https://registry.npmjs.org/@next%2fswc-darwin-arm64 set size:undefined disposed:false
94 http fetch GET 200 https://registry.npmjs.org/@next%2fswc-linux-x64-musl 4124ms (cache miss)
95 silly packumentCache full:https://registry.npmjs.org/@next%2fswc-linux-x64-musl set size:undefined disposed:false
96 silly placeDep ROOT @next/eslint-plugin-next@15.0.5 OK for: eslint-config-next@15.0.5 want: 15.0.5
97 silly fetch manifest fast-glob@3.3.1
98 silly packumentCache full:https://registry.npmjs.org/fast-glob cache-miss
99 http fetch GET 200 https://registry.npmjs.org/fast-glob 38ms (cache miss)
100 silly packumentCache full:https://registry.npmjs.org/fast-glob set size:undefined disposed:false
101 silly placeDep ROOT fast-glob@3.3.1 OK for: @next/eslint-plugin-next@15.0.5 want: 3.3.1
102 silly fetch manifest glob-parent@^5.1.2
103 silly packumentCache full:https://registry.npmjs.org/glob-parent cache-miss
104 http fetch GET 200 https://registry.npmjs.org/glob-parent 29ms (cache miss)
105 silly packumentCache full:https://registry.npmjs.org/glob-parent set size:undefined disposed:false
106 silly placeDep node_modules/fast-glob glob-parent@5.1.2 OK for: fast-glob@3.3.1 want: ^5.1.2
107 silly placeDep ROOT @next/env@15.0.5 OK for: next@15.0.5 want: 15.0.5
108 silly placeDep ROOT @next/swc-darwin-arm64@15.0.5 OK for: next@15.0.5 want: 15.0.5
109 silly placeDep ROOT @next/swc-darwin-x64@15.0.5 OK for: next@15.0.5 want: 15.0.5
110 silly placeDep ROOT @next/swc-linux-arm64-gnu@15.0.5 OK for: next@15.0.5 want: 15.0.5
111 silly placeDep ROOT @next/swc-linux-arm64-musl@15.0.5 OK for: next@15.0.5 want: 15.0.5
112 silly placeDep ROOT @next/swc-linux-x64-gnu@15.0.5 OK for: next@15.0.5 want: 15.0.5
113 silly placeDep ROOT @next/swc-linux-x64-musl@15.0.5 OK for: next@15.0.5 want: 15.0.5
114 silly placeDep ROOT @next/swc-win32-arm64-msvc@15.0.5 OK for: next@15.0.5 want: 15.0.5
115 silly placeDep ROOT @next/swc-win32-x64-msvc@15.0.5 OK for: next@15.0.5 want: 15.0.5
116 silly reify mark retired [ '/Users/joakimnenzen/Documents/distro/node_modules/@next/env' ]
117 silly reify mark retired [
117 silly reify   '/Users/joakimnenzen/Documents/distro/node_modules/@next/eslint-plugin-next'
117 silly reify ]
118 silly reify mark retired [
118 silly reify   '/Users/joakimnenzen/Documents/distro/node_modules/@next/swc-darwin-arm64'
118 silly reify ]
119 silly reify mark retired [
119 silly reify   '/Users/joakimnenzen/Documents/distro/node_modules/eslint-config-next'
119 silly reify ]
120 silly reify mark retired [
120 silly reify   '/Users/joakimnenzen/Documents/distro/node_modules/next',
120 silly reify   '/Users/joakimnenzen/Documents/distro/node_modules/.bin/next'
120 silly reify ]
121 silly reify moves {
121 silly reify   '/Users/joakimnenzen/Documents/distro/node_modules/@next/env': '/Users/joakimnenzen/Documents/distro/node_modules/@next/.env-fwHsixAu',
121 silly reify   '/Users/joakimnenzen/Documents/distro/node_modules/@next/eslint-plugin-next': '/Users/joakimnenzen/Documents/distro/node_modules/@next/.eslint-plugin-next-54IzsQTz',
121 silly reify   '/Users/joakimnenzen/Documents/distro/node_modules/@next/swc-darwin-arm64': '/Users/joakimnenzen/Documents/distro/node_modules/@next/.swc-darwin-arm64-vO3MjMac',
121 silly reify   '/Users/joakimnenzen/Documents/distro/node_modules/eslint-config-next': '/Users/joakimnenzen/Documents/distro/node_modules/.eslint-config-next-n9ttafEg',
121 silly reify   '/Users/joakimnenzen/Documents/distro/node_modules/next': '/Users/joakimnenzen/Documents/distro/node_modules/.next-Bzm7zeMR',
121 silly reify   '/Users/joakimnenzen/Documents/distro/node_modules/.bin/next': '/Users/joakimnenzen/Documents/distro/node_modules/.bin/.next-5QtR7NzH'
121 silly reify }
122 silly audit bulk request {
122 silly audit   '@alloc/quick-lru': [ '5.2.0' ],
122 silly audit   '@dnd-kit/accessibility': [ '3.1.1' ],
122 silly audit   '@dnd-kit/core': [ '6.3.1' ],
122 silly audit   '@dnd-kit/sortable': [ '10.0.0' ],
122 silly audit   '@dnd-kit/utilities': [ '3.2.2' ],
122 silly audit   '@emnapi/core': [ '1.7.1' ],
122 silly audit   '@emnapi/runtime': [ '1.7.1' ],
122 silly audit   '@emnapi/wasi-threads': [ '1.1.0' ],
122 silly audit   '@eslint-community/eslint-utils': [ '4.9.0' ],
122 silly audit   '@eslint-community/regexpp': [ '4.12.2' ],
122 silly audit   '@eslint/eslintrc': [ '2.1.4' ],
122 silly audit   '@eslint/js': [ '8.57.1' ],
122 silly audit   '@floating-ui/core': [ '1.7.3' ],
122 silly audit   '@floating-ui/dom': [ '1.7.4' ],
122 silly audit   '@floating-ui/react-dom': [ '2.1.6' ],
122 silly audit   '@floating-ui/utils': [ '0.2.10' ],
122 silly audit   '@hookform/resolvers': [ '3.10.0' ],
122 silly audit   '@humanwhocodes/config-array': [ '0.13.0' ],
122 silly audit   '@humanwhocodes/module-importer': [ '1.0.1' ],
122 silly audit   '@humanwhocodes/object-schema': [ '2.0.3' ],
122 silly audit   '@img/sharp-darwin-arm64': [ '0.33.5' ],
122 silly audit   '@img/sharp-darwin-x64': [ '0.33.5' ],
122 silly audit   '@img/sharp-libvips-darwin-arm64': [ '1.0.4' ],
122 silly audit   '@img/sharp-libvips-darwin-x64': [ '1.0.4' ],
122 silly audit   '@img/sharp-libvips-linux-arm': [ '1.0.5' ],
122 silly audit   '@img/sharp-libvips-linux-arm64': [ '1.0.4' ],
122 silly audit   '@img/sharp-libvips-linux-s390x': [ '1.0.4' ],
122 silly audit   '@img/sharp-libvips-linux-x64': [ '1.0.4' ],
122 silly audit   '@img/sharp-libvips-linuxmusl-arm64': [ '1.0.4' ],
122 silly audit   '@img/sharp-libvips-linuxmusl-x64': [ '1.0.4' ],
122 silly audit   '@img/sharp-linux-arm': [ '0.33.5' ],
122 silly audit   '@img/sharp-linux-arm64': [ '0.33.5' ],
122 silly audit   '@img/sharp-linux-s390x': [ '0.33.5' ],
122 silly audit   '@img/sharp-linux-x64': [ '0.33.5' ],
122 silly audit   '@img/sharp-linuxmusl-arm64': [ '0.33.5' ],
122 silly audit   '@img/sharp-linuxmusl-x64': [ '0.33.5' ],
122 silly audit   '@img/sharp-wasm32': [ '0.33.5' ],
122 silly audit   '@img/sharp-win32-ia32': [ '0.33.5' ],
122 silly audit   '@img/sharp-win32-x64': [ '0.33.5' ],
122 silly audit   '@jridgewell/gen-mapping': [ '0.3.13' ],
122 silly audit   '@jridgewell/resolve-uri': [ '3.1.2' ],
122 silly audit   '@jridgewell/sourcemap-codec': [ '1.5.5' ],
122 silly audit   '@jridgewell/trace-mapping': [ '0.3.31' ],
122 silly audit   '@napi-rs/wasm-runtime': [ '0.2.12' ],
122 silly audit   '@nodelib/fs.scandir': [ '2.1.5' ],
122 silly audit   '@nodelib/fs.stat': [ '2.0.5' ],
122 silly audit   '@nodelib/fs.walk': [ '1.2.8' ],
122 silly audit   '@nolyfill/is-core-module': [ '1.0.39' ],
122 silly audit   '@radix-ui/number': [ '1.1.1' ],
122 silly audit   '@radix-ui/primitive': [ '1.1.3' ],
122 silly audit   '@radix-ui/react-arrow': [ '1.1.7' ],
122 silly audit   '@radix-ui/react-avatar': [ '1.1.11' ],
122 silly audit   '@radix-ui/react-context': [ '1.1.3', '1.1.2' ],
122 silly audit   '@radix-ui/react-primitive': [ '2.1.4', '2.1.3' ],
122 silly audit   '@radix-ui/react-checkbox': [ '1.3.3' ],
122 silly audit   '@radix-ui/react-collection': [ '1.1.7' ],
122 silly audit   '@radix-ui/react-slot': [ '1.2.3', '1.2.4' ],
122 silly audit   '@radix-ui/react-compose-refs': [ '1.1.2' ],
122 silly audit   '@radix-ui/react-dialog': [ '1.1.15' ],
122 silly audit   '@radix-ui/react-direction': [ '1.1.1' ],
122 silly audit   '@radix-ui/react-dismissable-layer': [ '1.1.11' ],
122 silly audit   '@radix-ui/react-dropdown-menu': [ '2.1.16' ],
122 silly audit   '@radix-ui/react-focus-guards': [ '1.1.3' ],
122 silly audit   '@radix-ui/react-focus-scope': [ '1.1.7' ],
122 silly audit   '@radix-ui/react-id': [ '1.1.1' ],
122 silly audit   '@radix-ui/react-label': [ '2.1.8' ],
122 silly audit   '@radix-ui/react-menu': [ '2.1.16' ],
122 silly audit   '@radix-ui/react-popper': [ '1.2.8' ],
122 silly audit   '@radix-ui/react-portal': [ '1.1.9' ],
122 silly audit   '@radix-ui/react-presence': [ '1.1.5' ],
122 silly audit   '@radix-ui/react-roving-focus': [ '1.1.11' ],
122 silly audit   '@radix-ui/react-separator': [ '1.1.8' ],
122 silly audit   '@radix-ui/react-slider': [ '1.3.6' ],
122 silly audit   '@radix-ui/react-toast': [ '1.2.15' ],
122 silly audit   '@radix-ui/react-use-callback-ref': [ '1.1.1' ],
122 silly audit   '@radix-ui/react-use-controllable-state': [ '1.2.2' ],
122 silly audit   '@radix-ui/react-use-effect-event': [ '0.0.2' ],
122 silly audit   '@radix-ui/react-use-escape-keydown': [ '1.1.1' ],
122 silly audit   '@radix-ui/react-use-is-hydrated': [ '0.1.0' ],
122 silly audit   '@radix-ui/react-use-layout-effect': [ '1.1.1' ],
122 silly audit   '@radix-ui/react-use-previous': [ '1.1.1' ],
122 silly audit   '@radix-ui/react-use-rect': [ '1.1.1' ],
122 silly audit   '@radix-ui/react-use-size': [ '1.1.1' ],
122 silly audit   '@radix-ui/react-visually-hidden': [ '1.2.3' ],
122 silly audit   '@radix-ui/rect': [ '1.1.1' ],
122 silly audit   '@rtsao/scc': [ '1.1.0' ],
122 silly audit   '@rushstack/eslint-patch': [ '1.15.0' ],
122 silly audit   '@supabase/auth-js': [ '2.86.2' ],
122 silly audit   '@supabase/functions-js': [ '2.86.2' ],
122 silly audit   '@supabase/postgrest-js': [ '2.86.2' ],
122 silly audit   '@supabase/realtime-js': [ '2.86.2' ],
122 silly audit   '@supabase/ssr': [ '0.5.2' ],
122 silly audit   '@supabase/storage-js': [ '2.86.2' ],
122 silly audit   '@supabase/supabase-js': [ '2.86.2' ],
122 silly audit   '@swc/counter': [ '0.1.3' ],
122 silly audit   '@swc/helpers': [ '0.5.13' ],
122 silly audit   '@tailwindcss/line-clamp': [ '0.4.4' ],
122 silly audit   '@tybys/wasm-util': [ '0.10.1' ],
122 silly audit   '@types/cookie': [ '0.6.0' ],
122 silly audit   '@types/json5': [ '0.0.29' ],
122 silly audit   '@types/node': [ '20.19.25' ],
122 silly audit   '@types/phoenix': [ '1.6.6' ],
122 silly audit   '@types/prop-types': [ '15.7.15' ],
122 silly audit   '@types/react': [ '18.3.27' ],
122 silly audit   '@types/react-dom': [ '18.3.7' ],
122 silly audit   '@types/ws': [ '8.18.1' ],
122 silly audit   '@typescript-eslint/eslint-plugin': [ '8.48.1' ],
122 silly audit   ignore: [ '7.0.5', '5.3.2' ],
122 silly audit   '@typescript-eslint/parser': [ '8.48.1' ],
122 silly audit   '@typescript-eslint/project-service': [ '8.48.1' ],
122 silly audit   '@typescript-eslint/scope-manager': [ '8.48.1' ],
122 silly audit   '@typescript-eslint/tsconfig-utils': [ '8.48.1' ],
122 silly audit   '@typescript-eslint/type-utils': [ '8.48.1' ],
122 silly audit   '@typescript-eslint/types': [ '8.48.1' ],
122 silly audit   '@typescript-eslint/typescript-estree': [ '8.48.1' ],
122 silly audit   'brace-expansion': [ '2.0.2', '1.1.12' ],
122 silly audit   minimatch: [ '9.0.5', '3.1.2' ],
122 silly audit   '@typescript-eslint/utils': [ '8.48.1' ],
122 silly audit   '@typescript-eslint/visitor-keys': [ '8.48.1' ],
122 silly audit   'eslint-visitor-keys': [ '4.2.1', '3.4.3' ],
122 silly audit   '@ungap/structured-clone': [ '1.3.0' ],
122 silly audit   '@unrs/resolver-binding-android-arm-eabi': [ '1.11.1' ],
122 silly audit   '@unrs/resolver-binding-android-arm64': [ '1.11.1' ],
122 silly audit   '@unrs/resolver-binding-darwin-arm64': [ '1.11.1' ],
122 silly audit   '@unrs/resolver-binding-darwin-x64': [ '1.11.1' ],
122 silly audit   '@unrs/resolver-binding-freebsd-x64': [ '1.11.1' ],
122 silly audit   '@unrs/resolver-binding-linux-arm-gnueabihf': [ '1.11.1' ],
122 silly audit   '@unrs/resolver-binding-linux-arm-musleabihf': [ '1.11.1' ],
122 silly audit   '@unrs/resolver-binding-linux-arm64-gnu': [ '1.11.1' ],
122 silly audit   '@unrs/resolver-binding-linux-arm64-musl': [ '1.11.1' ],
122 silly audit   '@unrs/resolver-binding-linux-ppc64-gnu': [ '1.11.1' ],
122 silly audit   '@unrs/resolver-binding-linux-riscv64-gnu': [ '1.11.1' ],
122 silly audit   '@unrs/resolver-binding-linux-riscv64-musl': [ '1.11.1' ],
122 silly audit   '@unrs/resolver-binding-linux-s390x-gnu': [ '1.11.1' ],
122 silly audit   '@unrs/resolver-binding-linux-x64-gnu': [ '1.11.1' ],
122 silly audit   '@unrs/resolver-binding-linux-x64-musl': [ '1.11.1' ],
122 silly audit   '@unrs/resolver-binding-wasm32-wasi': [ '1.11.1' ],
122 silly audit   '@unrs/resolver-binding-win32-arm64-msvc': [ '1.11.1' ],
122 silly audit   '@unrs/resolver-binding-win32-ia32-msvc': [ '1.11.1' ],
122 silly audit   '@unrs/resolver-binding-win32-x64-msvc': [ '1.11.1' ],
122 silly audit   acorn: [ '8.15.0' ],
122 silly audit   'acorn-jsx': [ '5.3.2' ],
122 silly audit   ajv: [ '6.12.6' ],
122 silly audit   'ansi-regex': [ '5.0.1' ],
122 silly audit   'ansi-styles': [ '4.3.0' ],
122 silly audit   'any-promise': [ '1.3.0' ],
122 silly audit   anymatch: [ '3.1.3' ],
122 silly audit   arg: [ '5.0.2' ],
122 silly audit   argparse: [ '2.0.1' ],
122 silly audit   'aria-hidden': [ '1.2.6' ],
122 silly audit   'aria-query': [ '5.3.2' ],
122 silly audit   'array-buffer-byte-length': [ '1.0.2' ],
122 silly audit   'array-includes': [ '3.1.9' ],
122 silly audit   'array.prototype.findlast': [ '1.2.5' ],
122 silly audit   'array.prototype.findlastindex': [ '1.2.6' ],
122 silly audit   'array.prototype.flat': [ '1.3.3' ],
122 silly audit   'array.prototype.flatmap': [ '1.3.3' ],
122 silly audit   'array.prototype.tosorted': [ '1.1.4' ],
122 silly audit   'arraybuffer.prototype.slice': [ '1.0.4' ],
122 silly audit   'ast-types-flow': [ '0.0.8' ],
122 silly audit   'async-function': [ '1.0.0' ],
122 silly audit   autoprefixer: [ '10.4.22' ],
122 silly audit   'available-typed-arrays': [ '1.0.7' ],
122 silly audit   'axe-core': [ '4.11.0' ],
122 silly audit   'axobject-query': [ '4.1.0' ],
122 silly audit   'balanced-match': [ '1.0.2' ],
122 silly audit   'baseline-browser-mapping': [ '2.9.2' ],
122 silly audit   'binary-extensions': [ '2.3.0' ],
122 silly audit   braces: [ '3.0.3' ],
122 silly audit   browserslist: [ '4.28.1' ],
122 silly audit   busboy: [ '1.6.0' ],
122 silly audit   'call-bind': [ '1.0.8' ],
122 silly audit   'call-bind-apply-helpers': [ '1.0.2' ],
122 silly audit   'call-bound': [ '1.0.4' ],
122 silly audit   callsites: [ '3.1.0' ],
122 silly audit   'camelcase-css': [ '2.0.1' ],
122 silly audit   'caniuse-lite': [ '1.0.30001759' ],
122 silly audit   chalk: [ '4.1.2' ],
122 silly audit   chokidar: [ '3.6.0' ],
122 silly audit   'glob-parent': [ '5.1.2', '6.0.2' ],
122 silly audit   'class-variance-authority': [ '0.7.1' ],
122 silly audit   'client-only': [ '0.0.1' ],
122 silly audit   clsx: [ '2.1.1' ],
122 silly audit   color: [ '4.2.3' ],
122 silly audit   'color-convert': [ '2.0.1' ],
122 silly audit   'color-name': [ '1.1.4' ],
122 silly audit   'color-string': [ '1.9.1' ],
122 silly audit   commander: [ '4.1.1' ],
122 silly audit   'concat-map': [ '0.0.1' ],
122 silly audit   cookie: [ '0.7.2' ],
122 silly audit   'cross-spawn': [ '7.0.6' ],
122 silly audit   cssesc: [ '3.0.0' ],
122 silly audit   csstype: [ '3.2.3' ],
122 silly audit   'damerau-levenshtein': [ '1.0.8' ],
122 silly audit   'data-view-buffer': [ '1.0.2' ],
122 silly audit   'data-view-byte-length': [ '1.0.2' ],
122 silly audit   'data-view-byte-offset': [ '1.0.1' ],
122 silly audit   debug: [ '4.4.3', '3.2.7' ],
122 silly audit   'deep-is': [ '0.1.4' ],
122 silly audit   'define-data-property': [ '1.1.4' ],
122 silly audit   'define-properties': [ '1.2.1' ],
122 silly audit   'detect-libc': [ '2.1.2' ],
122 silly audit   'detect-node-es': [ '1.1.0' ],
122 silly audit   didyoumean: [ '1.2.2' ],
122 silly audit   dlv: [ '1.1.3' ],
122 silly audit   doctrine: [ '3.0.0', '2.1.0' ],
122 silly audit   'dunder-proto': [ '1.0.1' ],
122 silly audit   'electron-to-chromium': [ '1.5.266' ],
122 silly audit   'embla-carousel': [ '8.6.0' ],
122 silly audit   'embla-carousel-react': [ '8.6.0' ],
122 silly audit   'embla-carousel-reactive-utils': [ '8.6.0' ],
122 silly audit   'emoji-regex': [ '9.2.2' ],
122 silly audit   'es-abstract': [ '1.24.0' ],
122 silly audit   'es-define-property': [ '1.0.1' ],
122 silly audit   'es-errors': [ '1.3.0' ],
122 silly audit   'es-iterator-helpers': [ '1.2.1' ],
122 silly audit   'es-object-atoms': [ '1.1.1' ],
122 silly audit   'es-set-tostringtag': [ '2.1.0' ],
122 silly audit   'es-shim-unscopables': [ '1.1.0' ],
122 silly audit   'es-to-primitive': [ '1.3.0' ],
122 silly audit   escalade: [ '3.2.0' ],
122 silly audit   'escape-string-regexp': [ '4.0.0' ],
122 silly audit   eslint: [ '8.57.1' ],
122 silly audit   'eslint-import-resolver-node': [ '0.3.9' ],
122 silly audit   'eslint-import-resolver-typescript': [ '3.10.1' ],
122 silly audit   'eslint-module-utils': [ '2.12.1' ],
122 silly audit   'eslint-plugin-import': [ '2.32.0' ],
122 silly audit   semver: [ '6.3.1', '7.7.3' ],
122 silly audit   'eslint-plugin-jsx-a11y': [ '6.10.2' ],
122 silly audit   'eslint-plugin-react': [ '7.37.5' ],
122 silly audit   'eslint-plugin-react-hooks': [ '5.2.0' ],
122 silly audit   resolve: [ '2.0.0-next.5', '1.22.11' ],
122 silly audit   'eslint-scope': [ '7.2.2' ],
122 silly audit   espree: [ '9.6.1' ],
122 silly audit   esquery: [ '1.6.0' ],
122 silly audit   esrecurse: [ '4.3.0' ],
122 silly audit   estraverse: [ '5.3.0' ],
122 silly audit   esutils: [ '2.0.3' ],
122 silly audit   'fast-deep-equal': [ '3.1.3' ],
122 silly audit   'fast-glob': [ '3.3.3', '3.3.1' ],
122 silly audit   'fast-json-stable-stringify': [ '2.1.0' ],
122 silly audit   'fast-levenshtein': [ '2.0.6' ],
122 silly audit   fastq: [ '1.19.1' ],
122 silly audit   'file-entry-cache': [ '6.0.1' ],
122 silly audit   'fill-range': [ '7.1.1' ],
122 silly audit   'find-up': [ '5.0.0' ],
122 silly audit   'flat-cache': [ '3.2.0' ],
122 silly audit   flatted: [ '3.3.3' ],
122 silly audit   'for-each': [ '0.3.5' ],
122 silly audit   'fraction.js': [ '5.3.4' ],
122 silly audit   'fs.realpath': [ '1.0.0' ],
122 silly audit   fsevents: [ '2.3.3' ],
122 silly audit   'function-bind': [ '1.1.2' ],
122 silly audit   'function.prototype.name': [ '1.1.8' ],
122 silly audit   'functions-have-names': [ '1.2.3' ],
122 silly audit   geist: [ '1.5.1' ],
122 silly audit   'generator-function': [ '2.0.1' ],
122 silly audit   'get-intrinsic': [ '1.3.0' ],
122 silly audit   'get-nonce': [ '1.0.1' ],
122 silly audit   'get-proto': [ '1.0.1' ],
122 silly audit   'get-symbol-description': [ '1.1.0' ],
122 silly audit   'get-tsconfig': [ '4.13.0' ],
122 silly audit   glob: [ '7.2.3' ],
122 silly audit   globals: [ '13.24.0' ],
122 silly audit   globalthis: [ '1.0.4' ],
122 silly audit   gopd: [ '1.2.0' ],
122 silly audit   graphemer: [ '1.4.0' ],
122 silly audit   'has-bigints': [ '1.1.0' ],
122 silly audit   'has-flag': [ '4.0.0' ],
122 silly audit   'has-property-descriptors': [ '1.0.2' ],
122 silly audit   'has-proto': [ '1.2.0' ],
122 silly audit   'has-symbols': [ '1.1.0' ],
122 silly audit   'has-tostringtag': [ '1.0.2' ],
122 silly audit   hasown: [ '2.0.2' ],
122 silly audit   'iceberg-js': [ '0.8.0' ],
122 silly audit   'import-fresh': [ '3.3.1' ],
122 silly audit   imurmurhash: [ '0.1.4' ],
122 silly audit   inflight: [ '1.0.6' ],
122 silly audit   inherits: [ '2.0.4' ],
122 silly audit   'internal-slot': [ '1.1.0' ],
122 silly audit   'is-array-buffer': [ '3.0.5' ],
122 silly audit   'is-arrayish': [ '0.3.4' ],
122 silly audit   'is-async-function': [ '2.1.1' ],
122 silly audit   'is-bigint': [ '1.1.0' ],
122 silly audit   'is-binary-path': [ '2.1.0' ],
122 silly audit   'is-boolean-object': [ '1.2.2' ],
122 silly audit   'is-bun-module': [ '2.0.0' ],
122 silly audit   'is-callable': [ '1.2.7' ],
122 silly audit   'is-core-module': [ '2.16.1' ],
122 silly audit   'is-data-view': [ '1.0.2' ],
122 silly audit   'is-date-object': [ '1.1.0' ],
122 silly audit   'is-extglob': [ '2.1.1' ],
122 silly audit   'is-finalizationregistry': [ '1.1.1' ],
122 silly audit   'is-generator-function': [ '1.1.2' ],
122 silly audit   'is-glob': [ '4.0.3' ],
122 silly audit   'is-map': [ '2.0.3' ],
122 silly audit   'is-negative-zero': [ '2.0.3' ],
122 silly audit   'is-number': [ '7.0.0' ],
122 silly audit   'is-number-object': [ '1.1.1' ],
122 silly audit   'is-path-inside': [ '3.0.3' ],
122 silly audit   'is-regex': [ '1.2.1' ],
122 silly audit   'is-set': [ '2.0.3' ],
122 silly audit   'is-shared-array-buffer': [ '1.0.4' ],
122 silly audit   'is-string': [ '1.1.1' ],
122 silly audit   'is-symbol': [ '1.1.1' ],
122 silly audit   'is-typed-array': [ '1.1.15' ],
122 silly audit   'is-weakmap': [ '2.0.2' ],
122 silly audit   'is-weakref': [ '1.1.1' ],
122 silly audit   'is-weakset': [ '2.0.4' ],
122 silly audit   isarray: [ '2.0.5' ],
122 silly audit   isexe: [ '2.0.0' ],
122 silly audit   'iterator.prototype': [ '1.1.5' ],
122 silly audit   jiti: [ '1.21.7' ],
122 silly audit   'js-tokens': [ '4.0.0' ],
122 silly audit   'js-yaml': [ '4.1.1' ],
122 silly audit   'json-buffer': [ '3.0.1' ],
122 silly audit   'json-schema-traverse': [ '0.4.1' ],
122 silly audit   'json-stable-stringify-without-jsonify': [ '1.0.1' ],
122 silly audit   json5: [ '1.0.2' ],
122 silly audit   'jsx-ast-utils': [ '3.3.5' ],
122 silly audit   keyv: [ '4.5.4' ],
122 silly audit   'language-subtag-registry': [ '0.3.23' ],
122 silly audit   'language-tags': [ '1.0.9' ],
122 silly audit   levn: [ '0.4.1' ],
122 silly audit   lilconfig: [ '3.1.3' ],
122 silly audit   'lines-and-columns': [ '1.2.4' ],
122 silly audit   'locate-path': [ '6.0.0' ],
122 silly audit   'lodash.merge': [ '4.6.2' ],
122 silly audit   'loose-envify': [ '1.4.0' ],
122 silly audit   'lucide-react': [ '0.439.0' ],
122 silly audit   'math-intrinsics': [ '1.1.0' ],
122 silly audit   merge2: [ '1.4.1' ],
122 silly audit   micromatch: [ '4.0.8' ],
122 silly audit   minimist: [ '1.2.8' ],
122 silly audit   ms: [ '2.1.3' ],
122 silly audit   mz: [ '2.7.0' ],
122 silly audit   nanoid: [ '3.3.11' ],
122 silly audit   'napi-postinstall': [ '0.3.4' ],
122 silly audit   'natural-compare': [ '1.4.0' ],
122 silly audit   postcss: [ '8.5.6', '8.4.31' ],
122 silly audit   'node-releases': [ '2.0.27' ],
122 silly audit   'normalize-path': [ '3.0.0' ],
122 silly audit   'normalize-range': [ '0.1.2' ],
122 silly audit   'object-assign': [ '4.1.1' ],
122 silly audit   'object-hash': [ '3.0.0' ],
122 silly audit   'object-inspect': [ '1.13.4' ],
122 silly audit   'object-keys': [ '1.1.1' ],
122 silly audit   'object.assign': [ '4.1.7' ],
122 silly audit   'object.entries': [ '1.1.9' ],
122 silly audit   'object.fromentries': [ '2.0.8' ],
122 silly audit   'object.groupby': [ '1.0.3' ],
122 silly audit   'object.values': [ '1.2.1' ],
122 silly audit   once: [ '1.4.0' ],
122 silly audit   optionator: [ '0.9.4' ],
122 silly audit   'own-keys': [ '1.0.1' ],
122 silly audit   'p-limit': [ '3.1.0' ],
122 silly audit   'p-locate': [ '5.0.0' ],
122 silly audit   'parent-module': [ '1.0.1' ],
122 silly audit   'path-exists': [ '4.0.0' ],
122 silly audit   'path-is-absolute': [ '1.0.1' ],
122 silly audit   'path-key': [ '3.1.1' ],
122 silly audit   'path-parse': [ '1.0.7' ],
122 silly audit   picocolors: [ '1.1.1' ],
122 silly audit   picomatch: [ '2.3.1', '4.0.3' ],
122 silly audit   pify: [ '2.3.0' ],
122 silly audit   pirates: [ '4.0.7' ],
122 silly audit   'possible-typed-array-names': [ '1.1.0' ],
122 silly audit   'postcss-import': [ '15.1.0' ],
122 silly audit   'postcss-js': [ '4.1.0' ],
122 silly audit   'postcss-load-config': [ '6.0.1' ],
122 silly audit   'postcss-nested': [ '6.2.0' ],
122 silly audit   'postcss-selector-parser': [ '6.1.2' ],
122 silly audit   'postcss-value-parser': [ '4.2.0' ],
122 silly audit   'prelude-ls': [ '1.2.1' ],
122 silly audit   'prop-types': [ '15.8.1' ],
122 silly audit   punycode: [ '2.3.1' ],
122 silly audit   'queue-microtask': [ '1.2.3' ],
122 silly audit   react: [ '18.3.1' ],
122 silly audit   'react-dom': [ '18.3.1' ],
122 silly audit   'react-hook-form': [ '7.68.0' ],
122 silly audit   'react-is': [ '16.13.1' ],
122 silly audit   'react-remove-scroll': [ '2.7.2' ],
122 silly audit   'react-remove-scroll-bar': [ '2.3.8' ],
122 silly audit   'react-style-singleton': [ '2.2.3' ],
122 silly audit   'read-cache': [ '1.0.0' ],
122 silly audit   readdirp: [ '3.6.0' ],
122 silly audit   'reflect.getprototypeof': [ '1.0.10' ],
122 silly audit   'regexp.prototype.flags': [ '1.5.4' ],
122 silly audit   'resolve-from': [ '4.0.0' ],
122 silly audit   'resolve-pkg-maps': [ '1.0.0' ],
122 silly audit   reusify: [ '1.1.0' ],
122 silly audit   rimraf: [ '3.0.2' ],
122 silly audit   'run-parallel': [ '1.2.0' ],
122 silly audit   'safe-array-concat': [ '1.1.3' ],
122 silly audit   'safe-push-apply': [ '1.0.0' ],
122 silly audit   'safe-regex-test': [ '1.1.0' ],
122 silly audit   scheduler: [ '0.23.2' ],
122 silly audit   'set-function-length': [ '1.2.2' ],
122 silly audit   'set-function-name': [ '2.0.2' ],
122 silly audit   'set-proto': [ '1.0.0' ],
122 silly audit   sharp: [ '0.33.5' ],
122 silly audit   'shebang-command': [ '2.0.0' ],
122 silly audit   'shebang-regex': [ '3.0.0' ],
122 silly audit   'side-channel': [ '1.1.0' ],
122 silly audit   'side-channel-list': [ '1.0.0' ],
122 silly audit   'side-channel-map': [ '1.0.1' ],
122 silly audit   'side-channel-weakmap': [ '1.0.2' ],
122 silly audit   'simple-swizzle': [ '0.2.4' ],
122 silly audit   'source-map-js': [ '1.2.1' ],
122 silly audit   'stable-hash': [ '0.0.5' ],
122 silly audit   'stop-iteration-iterator': [ '1.1.0' ],
122 silly audit   streamsearch: [ '1.1.0' ],
122 silly audit   'string.prototype.includes': [ '2.0.1' ],
122 silly audit   'string.prototype.matchall': [ '4.0.12' ],
122 silly audit   'string.prototype.repeat': [ '1.0.0' ],
122 silly audit   'string.prototype.trim': [ '1.2.10' ],
122 silly audit   'string.prototype.trimend': [ '1.0.9' ],
122 silly audit   'string.prototype.trimstart': [ '1.0.8' ],
122 silly audit   'strip-ansi': [ '6.0.1' ],
122 silly audit   'strip-bom': [ '3.0.0' ],
122 silly audit   'strip-json-comments': [ '3.1.1' ],
122 silly audit   'styled-jsx': [ '5.1.6' ],
122 silly audit   sucrase: [ '3.35.1' ],
122 silly audit   'supports-color': [ '7.2.0' ],
122 silly audit   'supports-preserve-symlinks-flag': [ '1.0.0' ],
122 silly audit   'tailwind-merge': [ '2.6.0' ],
122 silly audit   tailwindcss: [ '3.4.18' ],
122 silly audit   'tailwindcss-animate': [ '1.0.7' ],
122 silly audit   'text-table': [ '0.2.0' ],
122 silly audit   thenify: [ '3.3.1' ],
122 silly audit   'thenify-all': [ '1.6.0' ],
122 silly audit   tinyglobby: [ '0.2.15' ],
122 silly audit   fdir: [ '6.5.0' ],
122 silly audit   'to-regex-range': [ '5.0.1' ],
122 silly audit   'ts-api-utils': [ '2.1.0' ],
122 silly audit   'ts-interface-checker': [ '0.1.13' ],
122 silly audit   'tsconfig-paths': [ '3.15.0' ],
122 silly audit   tslib: [ '2.8.1' ],
122 silly audit   'type-check': [ '0.4.0' ],
122 silly audit   'type-fest': [ '0.20.2' ],
122 silly audit   'typed-array-buffer': [ '1.0.3' ],
122 silly audit   'typed-array-byte-length': [ '1.0.3' ],
122 silly audit   'typed-array-byte-offset': [ '1.0.4' ],
122 silly audit   'typed-array-length': [ '1.0.7' ],
122 silly audit   typescript: [ '5.9.3' ],
122 silly audit   'unbox-primitive': [ '1.1.0' ],
122 silly audit   'undici-types': [ '6.21.0' ],
122 silly audit   'unrs-resolver': [ '1.11.1' ],
122 silly audit   'update-browserslist-db': [ '1.2.2' ],
122 silly audit   'uri-js': [ '4.4.1' ],
122 silly audit   'use-callback-ref': [ '1.3.3' ],
122 silly audit   'use-sidecar': [ '1.1.3' ],
122 silly audit   'use-sync-external-store': [ '1.6.0' ],
122 silly audit   'util-deprecate': [ '1.0.2' ],
122 silly audit   vaul: [ '1.1.2' ],
122 silly audit   which: [ '2.0.2' ],
122 silly audit   'which-boxed-primitive': [ '1.1.1' ],
122 silly audit   'which-builtin-type': [ '1.2.1' ],
122 silly audit   'which-collection': [ '1.0.2' ],
122 silly audit   'which-typed-array': [ '1.1.19' ],
122 silly audit   'word-wrap': [ '1.2.5' ],
122 silly audit   wrappy: [ '1.0.2' ],
122 silly audit   ws: [ '8.18.3' ],
122 silly audit   'yocto-queue': [ '0.1.0' ],
122 silly audit   zod: [ '3.25.76' ],
122 silly audit   zustand: [ '4.5.7' ],
122 silly audit   'eslint-config-next': [ '15.0.5' ],
122 silly audit   next: [ '15.0.5' ],
122 silly audit   '@next/eslint-plugin-next': [ '15.0.5' ],
122 silly audit   '@next/env': [ '15.0.5' ],
122 silly audit   '@next/swc-darwin-arm64': [ '15.0.5' ],
122 silly audit   '@next/swc-darwin-x64': [ '15.0.5' ],
122 silly audit   '@next/swc-linux-arm64-gnu': [ '15.0.5' ],
122 silly audit   '@next/swc-linux-arm64-musl': [ '15.0.5' ],
122 silly audit   '@next/swc-linux-x64-gnu': [ '15.0.5' ],
122 silly audit   '@next/swc-linux-x64-musl': [ '15.0.5' ],
122 silly audit   '@next/swc-win32-arm64-msvc': [ '15.0.5' ],
122 silly audit   '@next/swc-win32-x64-msvc': [ '15.0.5' ]
122 silly audit }
123 verbose reify failed optional dependency /Users/joakimnenzen/Documents/distro/node_modules/@next/swc-win32-x64-msvc
124 silly reify mark deleted [
124 silly reify   '/Users/joakimnenzen/Documents/distro/node_modules/@next/swc-win32-x64-msvc'
124 silly reify ]
125 verbose reify failed optional dependency /Users/joakimnenzen/Documents/distro/node_modules/@next/swc-win32-arm64-msvc
126 silly reify mark deleted [
126 silly reify   '/Users/joakimnenzen/Documents/distro/node_modules/@next/swc-win32-arm64-msvc'
126 silly reify ]
127 verbose reify failed optional dependency /Users/joakimnenzen/Documents/distro/node_modules/@next/swc-linux-x64-musl
128 silly reify mark deleted [
128 silly reify   '/Users/joakimnenzen/Documents/distro/node_modules/@next/swc-linux-x64-musl'
128 silly reify ]
129 verbose reify failed optional dependency /Users/joakimnenzen/Documents/distro/node_modules/@next/swc-linux-x64-gnu
130 silly reify mark deleted [
130 silly reify   '/Users/joakimnenzen/Documents/distro/node_modules/@next/swc-linux-x64-gnu'
130 silly reify ]
131 verbose reify failed optional dependency /Users/joakimnenzen/Documents/distro/node_modules/@next/swc-linux-arm64-musl
132 silly reify mark deleted [
132 silly reify   '/Users/joakimnenzen/Documents/distro/node_modules/@next/swc-linux-arm64-musl'
132 silly reify ]
133 verbose reify failed optional dependency /Users/joakimnenzen/Documents/distro/node_modules/@next/swc-linux-arm64-gnu
134 silly reify mark deleted [
134 silly reify   '/Users/joakimnenzen/Documents/distro/node_modules/@next/swc-linux-arm64-gnu'
134 silly reify ]
135 verbose reify failed optional dependency /Users/joakimnenzen/Documents/distro/node_modules/@next/swc-darwin-x64
136 silly reify mark deleted [
136 silly reify   '/Users/joakimnenzen/Documents/distro/node_modules/@next/swc-darwin-x64'
136 silly reify ]
137 verbose reify failed optional dependency /Users/joakimnenzen/Documents/distro/node_modules/@unrs/resolver-binding-win32-x64-msvc
138 silly reify mark deleted [
138 silly reify   '/Users/joakimnenzen/Documents/distro/node_modules/@unrs/resolver-binding-win32-x64-msvc'
138 silly reify ]
139 verbose reify failed optional dependency /Users/joakimnenzen/Documents/distro/node_modules/@unrs/resolver-binding-win32-ia32-msvc
140 silly reify mark deleted [
140 silly reify   '/Users/joakimnenzen/Documents/distro/node_modules/@unrs/resolver-binding-win32-ia32-msvc'
140 silly reify ]
141 verbose reify failed optional dependency /Users/joakimnenzen/Documents/distro/node_modules/@unrs/resolver-binding-win32-arm64-msvc
142 silly reify mark deleted [
142 silly reify   '/Users/joakimnenzen/Documents/distro/node_modules/@unrs/resolver-binding-win32-arm64-msvc'
142 silly reify ]
143 verbose reify failed optional dependency /Users/joakimnenzen/Documents/distro/node_modules/@unrs/resolver-binding-wasm32-wasi
144 silly reify mark deleted [
144 silly reify   '/Users/joakimnenzen/Documents/distro/node_modules/@unrs/resolver-binding-wasm32-wasi'
144 silly reify ]
145 verbose reify failed optional dependency /Users/joakimnenzen/Documents/distro/node_modules/@napi-rs/wasm-runtime
146 silly reify mark deleted [
146 silly reify   '/Users/joakimnenzen/Documents/distro/node_modules/@napi-rs/wasm-runtime'
146 silly reify ]
147 verbose reify failed optional dependency /Users/joakimnenzen/Documents/distro/node_modules/@emnapi/core
148 silly reify mark deleted [ '/Users/joakimnenzen/Documents/distro/node_modules/@emnapi/core' ]
149 verbose reify failed optional dependency /Users/joakimnenzen/Documents/distro/node_modules/@tybys/wasm-util
150 silly reify mark deleted [
150 silly reify   '/Users/joakimnenzen/Documents/distro/node_modules/@tybys/wasm-util'
150 silly reify ]
151 verbose reify failed optional dependency /Users/joakimnenzen/Documents/distro/node_modules/@emnapi/wasi-threads
152 silly reify mark deleted [
152 silly reify   '/Users/joakimnenzen/Documents/distro/node_modules/@emnapi/wasi-threads'
152 silly reify ]
153 verbose reify failed optional dependency /Users/joakimnenzen/Documents/distro/node_modules/@unrs/resolver-binding-linux-x64-musl
154 silly reify mark deleted [
154 silly reify   '/Users/joakimnenzen/Documents/distro/node_modules/@unrs/resolver-binding-linux-x64-musl'
154 silly reify ]
155 verbose reify failed optional dependency /Users/joakimnenzen/Documents/distro/node_modules/@unrs/resolver-binding-linux-x64-gnu
156 silly reify mark deleted [
156 silly reify   '/Users/joakimnenzen/Documents/distro/node_modules/@unrs/resolver-binding-linux-x64-gnu'
156 silly reify ]
157 verbose reify failed optional dependency /Users/joakimnenzen/Documents/distro/node_modules/@unrs/resolver-binding-linux-s390x-gnu
158 silly reify mark deleted [
158 silly reify   '/Users/joakimnenzen/Documents/distro/node_modules/@unrs/resolver-binding-linux-s390x-gnu'
158 silly reify ]
159 verbose reify failed optional dependency /Users/joakimnenzen/Documents/distro/node_modules/@unrs/resolver-binding-linux-riscv64-musl
160 silly reify mark deleted [
160 silly reify   '/Users/joakimnenzen/Documents/distro/node_modules/@unrs/resolver-binding-linux-riscv64-musl'
160 silly reify ]
161 verbose reify failed optional dependency /Users/joakimnenzen/Documents/distro/node_modules/@unrs/resolver-binding-linux-riscv64-gnu
162 silly reify mark deleted [
162 silly reify   '/Users/joakimnenzen/Documents/distro/node_modules/@unrs/resolver-binding-linux-riscv64-gnu'
162 silly reify ]
163 verbose reify failed optional dependency /Users/joakimnenzen/Documents/distro/node_modules/@unrs/resolver-binding-linux-ppc64-gnu
164 silly reify mark deleted [
164 silly reify   '/Users/joakimnenzen/Documents/distro/node_modules/@unrs/resolver-binding-linux-ppc64-gnu'
164 silly reify ]
165 verbose reify failed optional dependency /Users/joakimnenzen/Documents/distro/node_modules/@unrs/resolver-binding-linux-arm64-musl
166 silly reify mark deleted [
166 silly reify   '/Users/joakimnenzen/Documents/distro/node_modules/@unrs/resolver-binding-linux-arm64-musl'
166 silly reify ]
167 verbose reify failed optional dependency /Users/joakimnenzen/Documents/distro/node_modules/@unrs/resolver-binding-linux-arm64-gnu
168 silly reify mark deleted [
168 silly reify   '/Users/joakimnenzen/Documents/distro/node_modules/@unrs/resolver-binding-linux-arm64-gnu'
168 silly reify ]
169 verbose reify failed optional dependency /Users/joakimnenzen/Documents/distro/node_modules/@unrs/resolver-binding-linux-arm-musleabihf
170 silly reify mark deleted [
170 silly reify   '/Users/joakimnenzen/Documents/distro/node_modules/@unrs/resolver-binding-linux-arm-musleabihf'
170 silly reify ]
171 verbose reify failed optional dependency /Users/joakimnenzen/Documents/distro/node_modules/@unrs/resolver-binding-linux-arm-gnueabihf
172 silly reify mark deleted [
172 silly reify   '/Users/joakimnenzen/Documents/distro/node_modules/@unrs/resolver-binding-linux-arm-gnueabihf'
172 silly reify ]
173 verbose reify failed optional dependency /Users/joakimnenzen/Documents/distro/node_modules/@unrs/resolver-binding-freebsd-x64
174 silly reify mark deleted [
174 silly reify   '/Users/joakimnenzen/Documents/distro/node_modules/@unrs/resolver-binding-freebsd-x64'
174 silly reify ]
175 verbose reify failed optional dependency /Users/joakimnenzen/Documents/distro/node_modules/@unrs/resolver-binding-darwin-x64
176 silly reify mark deleted [
176 silly reify   '/Users/joakimnenzen/Documents/distro/node_modules/@unrs/resolver-binding-darwin-x64'
176 silly reify ]
177 verbose reify failed optional dependency /Users/joakimnenzen/Documents/distro/node_modules/@unrs/resolver-binding-android-arm64
178 silly reify mark deleted [
178 silly reify   '/Users/joakimnenzen/Documents/distro/node_modules/@unrs/resolver-binding-android-arm64'
178 silly reify ]
179 verbose reify failed optional dependency /Users/joakimnenzen/Documents/distro/node_modules/@unrs/resolver-binding-android-arm-eabi
180 silly reify mark deleted [
180 silly reify   '/Users/joakimnenzen/Documents/distro/node_modules/@unrs/resolver-binding-android-arm-eabi'
180 silly reify ]
181 verbose reify failed optional dependency /Users/joakimnenzen/Documents/distro/node_modules/@img/sharp-win32-x64
182 silly reify mark deleted [
182 silly reify   '/Users/joakimnenzen/Documents/distro/node_modules/@img/sharp-win32-x64'
182 silly reify ]
183 verbose reify failed optional dependency /Users/joakimnenzen/Documents/distro/node_modules/@img/sharp-win32-ia32
184 silly reify mark deleted [
184 silly reify   '/Users/joakimnenzen/Documents/distro/node_modules/@img/sharp-win32-ia32'
184 silly reify ]
185 verbose reify failed optional dependency /Users/joakimnenzen/Documents/distro/node_modules/@img/sharp-wasm32
186 silly reify mark deleted [
186 silly reify   '/Users/joakimnenzen/Documents/distro/node_modules/@img/sharp-wasm32'
186 silly reify ]
187 verbose reify failed optional dependency /Users/joakimnenzen/Documents/distro/node_modules/@img/sharp-linuxmusl-x64
188 silly reify mark deleted [
188 silly reify   '/Users/joakimnenzen/Documents/distro/node_modules/@img/sharp-linuxmusl-x64'
188 silly reify ]
189 verbose reify failed optional dependency /Users/joakimnenzen/Documents/distro/node_modules/@img/sharp-linuxmusl-arm64
190 silly reify mark deleted [
190 silly reify   '/Users/joakimnenzen/Documents/distro/node_modules/@img/sharp-linuxmusl-arm64'
190 silly reify ]
191 verbose reify failed optional dependency /Users/joakimnenzen/Documents/distro/node_modules/@img/sharp-linux-x64
192 silly reify mark deleted [
192 silly reify   '/Users/joakimnenzen/Documents/distro/node_modules/@img/sharp-linux-x64'
192 silly reify ]
193 verbose reify failed optional dependency /Users/joakimnenzen/Documents/distro/node_modules/@img/sharp-linux-s390x
194 silly reify mark deleted [
194 silly reify   '/Users/joakimnenzen/Documents/distro/node_modules/@img/sharp-linux-s390x'
194 silly reify ]
195 verbose reify failed optional dependency /Users/joakimnenzen/Documents/distro/node_modules/@img/sharp-linux-arm64
196 silly reify mark deleted [
196 silly reify   '/Users/joakimnenzen/Documents/distro/node_modules/@img/sharp-linux-arm64'
196 silly reify ]
197 verbose reify failed optional dependency /Users/joakimnenzen/Documents/distro/node_modules/@img/sharp-linux-arm
198 silly reify mark deleted [
198 silly reify   '/Users/joakimnenzen/Documents/distro/node_modules/@img/sharp-linux-arm'
198 silly reify ]
199 verbose reify failed optional dependency /Users/joakimnenzen/Documents/distro/node_modules/@img/sharp-libvips-linuxmusl-x64
200 silly reify mark deleted [
200 silly reify   '/Users/joakimnenzen/Documents/distro/node_modules/@img/sharp-libvips-linuxmusl-x64'
200 silly reify ]
201 verbose reify failed optional dependency /Users/joakimnenzen/Documents/distro/node_modules/@img/sharp-libvips-linuxmusl-arm64
202 silly reify mark deleted [
202 silly reify   '/Users/joakimnenzen/Documents/distro/node_modules/@img/sharp-libvips-linuxmusl-arm64'
202 silly reify ]
203 verbose reify failed optional dependency /Users/joakimnenzen/Documents/distro/node_modules/@img/sharp-libvips-linux-x64
204 silly reify mark deleted [
204 silly reify   '/Users/joakimnenzen/Documents/distro/node_modules/@img/sharp-libvips-linux-x64'
204 silly reify ]
205 verbose reify failed optional dependency /Users/joakimnenzen/Documents/distro/node_modules/@img/sharp-libvips-linux-s390x
206 silly reify mark deleted [
206 silly reify   '/Users/joakimnenzen/Documents/distro/node_modules/@img/sharp-libvips-linux-s390x'
206 silly reify ]
207 verbose reify failed optional dependency /Users/joakimnenzen/Documents/distro/node_modules/@img/sharp-libvips-linux-arm64
208 silly reify mark deleted [
208 silly reify   '/Users/joakimnenzen/Documents/distro/node_modules/@img/sharp-libvips-linux-arm64'
208 silly reify ]
209 verbose reify failed optional dependency /Users/joakimnenzen/Documents/distro/node_modules/@img/sharp-libvips-linux-arm
210 silly reify mark deleted [
210 silly reify   '/Users/joakimnenzen/Documents/distro/node_modules/@img/sharp-libvips-linux-arm'
210 silly reify ]
211 verbose reify failed optional dependency /Users/joakimnenzen/Documents/distro/node_modules/@img/sharp-libvips-darwin-x64
212 silly reify mark deleted [
212 silly reify   '/Users/joakimnenzen/Documents/distro/node_modules/@img/sharp-libvips-darwin-x64'
212 silly reify ]
213 verbose reify failed optional dependency /Users/joakimnenzen/Documents/distro/node_modules/@img/sharp-darwin-x64
214 silly reify mark deleted [
214 silly reify   '/Users/joakimnenzen/Documents/distro/node_modules/@img/sharp-darwin-x64'
214 silly reify ]
215 silly tarball no local data for @napi-rs/wasm-runtime@https://registry.npmjs.org/@napi-rs/wasm-runtime/-/wasm-runtime-0.2.12.tgz. Extracting by manifest.
216 silly tarball no local data for @tybys/wasm-util@https://registry.npmjs.org/@tybys/wasm-util/-/wasm-util-0.10.1.tgz. Extracting by manifest.
217 silly tarball no local data for @emnapi/wasi-threads@https://registry.npmjs.org/@emnapi/wasi-threads/-/wasi-threads-1.1.0.tgz. Extracting by manifest.
218 silly tarball no local data for next@https://registry.npmjs.org/next/-/next-15.0.5.tgz. Extracting by manifest.
219 silly tarball no local data for @emnapi/core@https://registry.npmjs.org/@emnapi/core/-/core-1.7.1.tgz. Extracting by manifest.
220 silly tarball no local data for eslint-config-next@https://registry.npmjs.org/eslint-config-next/-/eslint-config-next-15.0.5.tgz. Extracting by manifest.
221 silly tarball no local data for @next/swc-darwin-arm64@https://registry.npmjs.org/@next/swc-darwin-arm64/-/swc-darwin-arm64-15.0.5.tgz. Extracting by manifest.
222 silly tarball no local data for @next/eslint-plugin-next@https://registry.npmjs.org/@next/eslint-plugin-next/-/eslint-plugin-next-15.0.5.tgz. Extracting by manifest.
223 silly tarball no local data for @next/env@https://registry.npmjs.org/@next/env/-/env-15.0.5.tgz. Extracting by manifest.
224 http fetch GET 200 https://registry.npmjs.org/eslint-config-next/-/eslint-config-next-15.0.5.tgz 31ms (cache miss)
225 http fetch GET 200 https://registry.npmjs.org/@tybys/wasm-util/-/wasm-util-0.10.1.tgz 3251ms (cache miss)
226 http fetch GET 200 https://registry.npmjs.org/@emnapi/wasi-threads/-/wasi-threads-1.1.0.tgz 3288ms (cache miss)
227 http fetch POST 200 https://registry.npmjs.org/-/npm/v1/security/advisories/bulk 3317ms
228 silly audit report {
228 silly audit report   next: [
228 silly audit report     {
228 silly audit report       id: 1101437,
228 silly audit report       url: 'https://github.com/advisories/GHSA-7m27-7ghc-44w9',
228 silly audit report       title: 'Next.js Allows a Denial of Service (DoS) with Server Actions',
228 silly audit report       severity: 'moderate',
228 silly audit report       vulnerable_versions: '>=15.0.0 <15.1.2',
228 silly audit report       cwe: [Array],
228 silly audit report       cvss: [Object]
228 silly audit report     },
228 silly audit report     {
228 silly audit report       id: 1105462,
228 silly audit report       url: 'https://github.com/advisories/GHSA-3h52-269p-cp9r',
228 silly audit report       title: 'Information exposure in Next.js dev server due to lack of origin verification',
228 silly audit report       severity: 'low',
228 silly audit report       vulnerable_versions: '>=15.0.0 <15.2.2',
228 silly audit report       cwe: [Array],
228 silly audit report       cvss: [Object]
228 silly audit report     },
228 silly audit report     {
228 silly audit report       id: 1105948,
228 silly audit report       url: 'https://github.com/advisories/GHSA-67rr-84xm-4c7r',
228 silly audit report       title: 'Next.JS vulnerability can lead to DoS via cache poisoning ',
228 silly audit report       severity: 'high',
228 silly audit report       vulnerable_versions: '>=15.0.4-canary.51 <15.1.8',
228 silly audit report       cwe: [Array],
228 silly audit report       cvss: [Object]
228 silly audit report     },
228 silly audit report     {
228 silly audit report       id: 1111381,
228 silly audit report       url: 'https://github.com/advisories/GHSA-w37m-7fhw-fmv9',
228 silly audit report       title: 'Next Server Actions Source Code Exposure ',
228 silly audit report       severity: 'moderate',
228 silly audit report       vulnerable_versions: '>=15.0.0-canary.0 <15.0.6',
228 silly audit report       cwe: [Array],
228 silly audit report       cvss: [Object]
228 silly audit report     },
228 silly audit report     {
228 silly audit report       id: 1111390,
228 silly audit report       url: 'https://github.com/advisories/GHSA-mwv6-3258-q52c',
228 silly audit report       title: 'Next Vulnerable to Denial of Service with Server Components',
228 silly audit report       severity: 'high',
228 silly audit report       vulnerable_versions: '>=15.0.0-canary.0 <15.0.6',
228 silly audit report       cwe: [Array],
228 silly audit report       cvss: [Object]
228 silly audit report     },
228 silly audit report     {
228 silly audit report       id: 1107228,
228 silly audit report       url: 'https://github.com/advisories/GHSA-g5qg-72qw-gw5v',
228 silly audit report       title: 'Next.js Affected by Cache Key Confusion for Image Optimization API Routes',
228 silly audit report       severity: 'moderate',
228 silly audit report       vulnerable_versions: '>=15.0.0 <=15.4.4',
228 silly audit report       cwe: [Array],
228 silly audit report       cvss: [Object]
228 silly audit report     },
228 silly audit report     {
228 silly audit report       id: 1107514,
228 silly audit report       url: 'https://github.com/advisories/GHSA-xv57-4mr9-wg8v',
228 silly audit report       title: 'Next.js Content Injection Vulnerability for Image Optimization',
228 silly audit report       severity: 'moderate',
228 silly audit report       vulnerable_versions: '>=15.0.0 <=15.4.4',
228 silly audit report       cwe: [Array],
228 silly audit report       cvss: [Object]
228 silly audit report     },
228 silly audit report     {
228 silly audit report       id: 1107515,
228 silly audit report       url: 'https://github.com/advisories/GHSA-4342-x723-ch2f',
228 silly audit report       title: 'Next.js Improper Middleware Redirect Handling Leads to SSRF',
228 silly audit report       severity: 'moderate',
228 silly audit report       vulnerable_versions: '>=15.0.0-canary.0 <15.4.7',
228 silly audit report       cwe: [Array],
228 silly audit report       cvss: [Object]
228 silly audit report     },
228 silly audit report     {
228 silly audit report       id: 1108410,
228 silly audit report       url: 'https://github.com/advisories/GHSA-qpjv-v59x-3qc4',
228 silly audit report       title: 'Next.js Race Condition to Cache Poisoning',
228 silly audit report       severity: 'low',
228 silly audit report       vulnerable_versions: '>=15.0.0 <15.1.6',
228 silly audit report       cwe: [Array],
228 silly audit report       cvss: [Object]
228 silly audit report     },
228 silly audit report     {
228 silly audit report       id: 1108952,
228 silly audit report       url: 'https://github.com/advisories/GHSA-f82v-jwr5-mffw',
228 silly audit report       title: 'Authorization Bypass in Next.js Middleware',
228 silly audit report       severity: 'critical',
228 silly audit report       vulnerable_versions: '>=15.0.0 <15.2.3',
228 silly audit report       cwe: [Array],
228 silly audit report       cvss: [Object]
228 silly audit report     }
228 silly audit report   ]
228 silly audit report }
229 silly packumentCache corgi:https://registry.npmjs.org/next cache-miss
230 http fetch GET 200 https://registry.npmjs.org/@next/env/-/env-15.0.5.tgz 3602ms (cache miss)
231 http fetch GET 200 https://registry.npmjs.org/@next/eslint-plugin-next/-/eslint-plugin-next-15.0.5.tgz 4037ms (cache miss)
232 http fetch GET 200 https://registry.npmjs.org/@emnapi/core/-/core-1.7.1.tgz 4119ms (cache miss)
233 http fetch GET 200 https://registry.npmjs.org/next 1657ms (cache miss)
234 silly packumentCache corgi:https://registry.npmjs.org/next set size:undefined disposed:false
235 silly packumentCache corgi:https://registry.npmjs.org/geist cache-miss
236 http fetch GET 200 https://registry.npmjs.org/geist 262ms (cache miss)
237 silly packumentCache corgi:https://registry.npmjs.org/geist set size:undefined disposed:false
238 http fetch GET 200 https://registry.npmjs.org/next/-/next-15.0.5.tgz 10809ms (cache miss)
239 warn deprecated next@15.0.5: This version has a security vulnerability. Please upgrade to a patched version. See https://nextjs.org/blog/security-update-2025-12-11 for more details.
240 http fetch GET 200 https://registry.npmjs.org/@next/swc-darwin-arm64/-/swc-darwin-arm64-15.0.5.tgz 10990ms (cache miss)
241 http fetch GET 200 https://registry.npmjs.org/@napi-rs/wasm-runtime/-/wasm-runtime-0.2.12.tgz 12554ms (cache miss)
242 silly ADD
243 silly ADD
244 silly ADD
245 silly ADD
246 silly ADD
247 silly ADD
248 silly ADD
249 silly ADD
250 silly ADD
251 silly ADD
252 silly ADD
253 silly ADD
254 silly ADD
255 silly ADD
256 silly ADD
257 silly ADD
258 silly ADD
259 silly ADD
260 silly ADD
261 silly ADD
262 silly ADD
263 silly ADD
264 silly ADD
265 silly ADD
266 silly ADD
267 silly ADD
268 silly ADD
269 silly ADD
270 silly ADD
271 silly ADD
272 silly ADD
273 silly ADD
274 silly ADD
275 silly ADD
276 silly ADD
277 silly ADD
278 silly ADD
279 silly ADD
280 silly ADD
281 silly ADD
282 silly ADD
283 silly ADD
284 silly ADD
285 silly ADD
286 silly ADD
287 silly ADD
288 silly CHANGE node_modules/next
289 silly CHANGE node_modules/eslint-config-next
290 silly CHANGE node_modules/@next/swc-darwin-arm64
291 silly CHANGE node_modules/@next/eslint-plugin-next
292 silly CHANGE node_modules/@next/env
293 verbose cwd /Users/joakimnenzen/Documents/distro
294 verbose os Darwin 24.1.0
295 verbose node v20.18.1
296 verbose npm  v10.8.2
297 verbose exit 0
298 info ok
